[1.091s] DEBUG:colcon:Command line arguments: ['/usr/bin/colcon', 'build']
[1.091s] DEBUG:colcon:Parsed command line arguments: Namespace(log_base=None, log_level=None, verb_name='build', build_base='build', install_base='install', merge_install=False, symlink_install=False, test_result_base=None, continue_on_error=False, executor='parallel', parallel_workers=4, event_handlers=None, ignore_user_meta=False, metas=['./colcon.meta'], base_paths=['.'], packages_ignore=None, packages_ignore_regex=None, paths=None, packages_up_to=None, packages_up_to_regex=None, packages_above=None, packages_above_and_dependencies=None, packages_above_depth=None, packages_select_by_dep=None, packages_skip_by_dep=None, packages_skip_up_to=None, packages_select_build_failed=False, packages_skip_build_finished=False, packages_select_test_failures=False, packages_skip_test_passed=False, packages_select=None, packages_skip=None, packages_select_regex=None, packages_skip_regex=None, packages_start=None, packages_end=None, allow_overriding=[], cmake_args=None, cmake_target=None, cmake_target_skip_unavailable=False, cmake_clean_cache=False, cmake_clean_first=False, cmake_force_configure=False, ament_cmake_args=None, catkin_cmake_args=None, catkin_skip_building_tests=False, mixin_files=None, mixin=None, verb_parser=<colcon_mixin.mixin.mixin_argument.MixinArgumentDecorator object at 0x74af8a8846b0>, verb_extension=<colcon_core.verb.build.BuildVerb object at 0x74af8a9d4fe0>, main=<bound method BuildVerb.main of <colcon_core.verb.build.BuildVerb object at 0x74af8a9d4fe0>>, mixin_verb=('build',))
[1.653s] Level 1:colcon.colcon_core.package_discovery:discover_packages(colcon_meta) check parameters
[1.653s] Level 1:colcon.colcon_core.package_discovery:discover_packages(recursive) check parameters
[1.653s] Level 1:colcon.colcon_core.package_discovery:discover_packages(ignore) check parameters
[1.653s] Level 1:colcon.colcon_core.package_discovery:discover_packages(path) check parameters
[1.653s] Level 1:colcon.colcon_core.package_discovery:discover_packages(colcon_meta) discover
[1.653s] Level 1:colcon.colcon_core.package_discovery:discover_packages(recursive) discover
[1.654s] INFO:colcon.colcon_core.package_discovery:Crawling recursively for packages in '/home/amira/test_urdf_gazebo/src/my_controller'
[1.654s] Level 1:colcon.colcon_core.package_identification:_identify(.) by extensions ['ignore', 'ignore_ament_install']
[1.654s] Level 1:colcon.colcon_core.package_identification:_identify(.) by extension 'ignore'
[1.654s] Level 1:colcon.colcon_core.package_identification:_identify(.) by extension 'ignore_ament_install'
[1.654s] Level 1:colcon.colcon_core.package_identification:_identify(.) by extensions ['colcon_pkg']
[1.654s] Level 1:colcon.colcon_core.package_identification:_identify(.) by extension 'colcon_pkg'
[1.654s] Level 1:colcon.colcon_core.package_identification:_identify(.) by extensions ['colcon_meta']
[1.654s] Level 1:colcon.colcon_core.package_identification:_identify(.) by extension 'colcon_meta'
[1.654s] Level 1:colcon.colcon_core.package_identification:_identify(.) by extensions ['ros']
[1.654s] Level 1:colcon.colcon_core.package_identification:_identify(.) by extension 'ros'
[1.889s] DEBUG:colcon.colcon_core.package_identification:Package '.' with type 'ros.ament_python' and name 'my_controller'
[1.889s] Level 1:colcon.colcon_core.package_discovery:discover_packages(recursive) using defaults
[1.889s] Level 1:colcon.colcon_core.package_discovery:discover_packages(ignore) discover
[1.889s] Level 1:colcon.colcon_core.package_discovery:discover_packages(ignore) using defaults
[1.889s] Level 1:colcon.colcon_core.package_discovery:discover_packages(path) discover
[1.889s] Level 1:colcon.colcon_core.package_discovery:discover_packages(path) using defaults
[2.123s] Level 1:colcon.colcon_core.package_discovery:discover_packages(prefix_path) check parameters
[2.123s] Level 1:colcon.colcon_core.package_discovery:discover_packages(prefix_path) discover
[2.135s] DEBUG:colcon.colcon_installed_package_information.package_discovery:Found 2 installed packages in /home/amira/ros2_ws/install
[2.144s] DEBUG:colcon.colcon_installed_package_information.package_discovery:Found 373 installed packages in /opt/ros/jazzy
[2.151s] Level 1:colcon.colcon_core.package_discovery:discover_packages(prefix_path) using defaults
[2.314s] Level 5:colcon.colcon_core.verb:set package 'my_controller' build argument 'cmake_args' from command line to 'None'
[2.314s] Level 5:colcon.colcon_core.verb:set package 'my_controller' build argument 'cmake_target' from command line to 'None'
[2.314s] Level 5:colcon.colcon_core.verb:set package 'my_controller' build argument 'cmake_target_skip_unavailable' from command line to 'False'
[2.314s] Level 5:colcon.colcon_core.verb:set package 'my_controller' build argument 'cmake_clean_cache' from command line to 'False'
[2.314s] Level 5:colcon.colcon_core.verb:set package 'my_controller' build argument 'cmake_clean_first' from command line to 'False'
[2.314s] Level 5:colcon.colcon_core.verb:set package 'my_controller' build argument 'cmake_force_configure' from command line to 'False'
[2.314s] Level 5:colcon.colcon_core.verb:set package 'my_controller' build argument 'ament_cmake_args' from command line to 'None'
[2.314s] Level 5:colcon.colcon_core.verb:set package 'my_controller' build argument 'catkin_cmake_args' from command line to 'None'
[2.314s] Level 5:colcon.colcon_core.verb:set package 'my_controller' build argument 'catkin_skip_building_tests' from command line to 'False'
[2.314s] DEBUG:colcon.colcon_core.verb:Building package 'my_controller' with the following arguments: {'ament_cmake_args': None, 'build_base': '/home/amira/test_urdf_gazebo/src/my_controller/build/my_controller', 'catkin_cmake_args': None, 'catkin_skip_building_tests': False, 'cmake_args': None, 'cmake_clean_cache': False, 'cmake_clean_first': False, 'cmake_force_configure': False, 'cmake_target': None, 'cmake_target_skip_unavailable': False, 'install_base': '/home/amira/test_urdf_gazebo/src/my_controller/install/my_controller', 'merge_install': False, 'path': '/home/amira/test_urdf_gazebo/src/my_controller', 'symlink_install': False, 'test_result_base': None}
[2.314s] INFO:colcon.colcon_core.executor:Executing jobs using 'parallel' executor
[2.315s] DEBUG:colcon.colcon_parallel_executor.executor.parallel:run_until_complete
[2.316s] INFO:colcon.colcon_ros.task.ament_python.build:Building ROS package in '/home/amira/test_urdf_gazebo/src/my_controller' with build type 'ament_python'
[2.316s] Level 1:colcon.colcon_core.shell:create_environment_hook('my_controller', 'ament_prefix_path')
[2.335s] INFO:colcon.colcon_core.plugin_system:Skipping extension 'colcon_core.shell.bat': Not used on non-Windows systems
[2.335s] INFO:colcon.colcon_core.shell:Creating environment hook '/home/amira/test_urdf_gazebo/src/my_controller/install/my_controller/share/my_controller/hook/ament_prefix_path.ps1'
[2.346s] INFO:colcon.colcon_core.shell:Creating environment descriptor '/home/amira/test_urdf_gazebo/src/my_controller/install/my_controller/share/my_controller/hook/ament_prefix_path.dsv'
[2.353s] INFO:colcon.colcon_core.shell:Creating environment hook '/home/amira/test_urdf_gazebo/src/my_controller/install/my_controller/share/my_controller/hook/ament_prefix_path.sh'
[2.355s] INFO:colcon.colcon_core.shell:Skip shell extension 'powershell' for command environment: Not usable outside of PowerShell
[2.355s] DEBUG:colcon.colcon_core.shell:Skip shell extension 'dsv' for command environment
[2.758s] INFO:colcon.colcon_core.task.python.build:Building Python package in '/home/amira/test_urdf_gazebo/src/my_controller'
[2.758s] INFO:colcon.colcon_core.shell:Skip shell extension 'powershell' for command environment: Not usable outside of PowerShell
[2.758s] DEBUG:colcon.colcon_core.shell:Skip shell extension 'dsv' for command environment
[8.074s] DEBUG:colcon.colcon_core.event_handler.log_command:Invoking command in '/home/amira/test_urdf_gazebo/src/my_controller': DEBUGINFOD_URLS=https://debuginfod.ubuntu.com PYTHONPATH=/home/amira/test_urdf_gazebo/src/my_controller/build/my_controller/prefix_override:/usr/lib/python3/dist-packages/colcon_core/task/python/colcon_distutils_commands:/home/amira/test_urdf_gazebo/src/my_controller/install/my_controller/lib/python3.12/site-packages:${PYTHONPATH} /usr/bin/python3 -W ignore:setup.py install is deprecated -W ignore:easy_install command is deprecated setup.py egg_info --egg-base build/my_controller build --build-base /home/amira/test_urdf_gazebo/src/my_controller/build/my_controller/build install --record /home/amira/test_urdf_gazebo/src/my_controller/build/my_controller/install.log --single-version-externally-managed install_data
[8.918s] DEBUG:colcon.colcon_core.event_handler.log_command:Invoked command in '/home/amira/test_urdf_gazebo/src/my_controller' returned '0': DEBUGINFOD_URLS=https://debuginfod.ubuntu.com PYTHONPATH=/home/amira/test_urdf_gazebo/src/my_controller/build/my_controller/prefix_override:/usr/lib/python3/dist-packages/colcon_core/task/python/colcon_distutils_commands:/home/amira/test_urdf_gazebo/src/my_controller/install/my_controller/lib/python3.12/site-packages:${PYTHONPATH} /usr/bin/python3 -W ignore:setup.py install is deprecated -W ignore:easy_install command is deprecated setup.py egg_info --egg-base build/my_controller build --build-base /home/amira/test_urdf_gazebo/src/my_controller/build/my_controller/build install --record /home/amira/test_urdf_gazebo/src/my_controller/build/my_controller/install.log --single-version-externally-managed install_data
[8.958s] Level 1:colcon.colcon_core.environment:checking '/home/amira/test_urdf_gazebo/src/my_controller/install/my_controller' for CMake module files
[8.958s] Level 1:colcon.colcon_core.environment:checking '/home/amira/test_urdf_gazebo/src/my_controller/install/my_controller' for CMake config files
[8.959s] Level 1:colcon.colcon_core.environment:checking '/home/amira/test_urdf_gazebo/src/my_controller/install/my_controller/lib'
[8.960s] Level 1:colcon.colcon_core.environment:checking '/home/amira/test_urdf_gazebo/src/my_controller/install/my_controller/bin'
[8.960s] Level 1:colcon.colcon_core.environment:checking '/home/amira/test_urdf_gazebo/src/my_controller/install/my_controller/lib/pkgconfig/my_controller.pc'
[8.961s] Level 1:colcon.colcon_core.environment:checking '/home/amira/test_urdf_gazebo/src/my_controller/install/my_controller/lib/python3.12/site-packages'
[8.962s] Level 1:colcon.colcon_core.shell:create_environment_hook('my_controller', 'pythonpath')
[8.963s] INFO:colcon.colcon_core.shell:Creating environment hook '/home/amira/test_urdf_gazebo/src/my_controller/install/my_controller/share/my_controller/hook/pythonpath.ps1'
[8.964s] INFO:colcon.colcon_core.shell:Creating environment descriptor '/home/amira/test_urdf_gazebo/src/my_controller/install/my_controller/share/my_controller/hook/pythonpath.dsv'
[8.966s] INFO:colcon.colcon_core.shell:Creating environment hook '/home/amira/test_urdf_gazebo/src/my_controller/install/my_controller/share/my_controller/hook/pythonpath.sh'
[8.969s] Level 1:colcon.colcon_core.environment:checking '/home/amira/test_urdf_gazebo/src/my_controller/install/my_controller/bin'
[8.969s] Level 1:colcon.colcon_core.environment:create_environment_scripts_only(my_controller)
[8.970s] INFO:colcon.colcon_core.shell:Creating package script '/home/amira/test_urdf_gazebo/src/my_controller/install/my_controller/share/my_controller/package.ps1'
[8.978s] INFO:colcon.colcon_core.shell:Creating package descriptor '/home/amira/test_urdf_gazebo/src/my_controller/install/my_controller/share/my_controller/package.dsv'
[8.986s] INFO:colcon.colcon_core.shell:Creating package script '/home/amira/test_urdf_gazebo/src/my_controller/install/my_controller/share/my_controller/package.sh'
[8.990s] INFO:colcon.colcon_core.shell:Creating package script '/home/amira/test_urdf_gazebo/src/my_controller/install/my_controller/share/my_controller/package.bash'
[8.999s] INFO:colcon.colcon_core.shell:Creating package script '/home/amira/test_urdf_gazebo/src/my_controller/install/my_controller/share/my_controller/package.zsh'
[9.003s] Level 1:colcon.colcon_core.environment:create_file_with_runtime_dependencies(/home/amira/test_urdf_gazebo/src/my_controller/install/my_controller/share/colcon-core/packages/my_controller)
[9.005s] DEBUG:colcon.colcon_parallel_executor.executor.parallel:closing loop
[9.007s] DEBUG:colcon.colcon_parallel_executor.executor.parallel:loop closed
[9.007s] DEBUG:colcon.colcon_parallel_executor.executor.parallel:run_until_complete finished with '0'
[9.008s] DEBUG:colcon.colcon_core.event_reactor:joining thread
[9.065s] INFO:colcon.colcon_core.plugin_system:Skipping extension 'colcon_notification.desktop_notification.terminal_notifier': Not used on non-Darwin systems
[9.065s] INFO:colcon.colcon_core.plugin_system:Skipping extension 'colcon_notification.desktop_notification.win32': Not used on non-Windows systems
[9.065s] INFO:colcon.colcon_notification.desktop_notification:Sending desktop notification using 'notify2'
[9.230s] DEBUG:colcon.colcon_core.event_reactor:joined thread
[9.232s] INFO:colcon.colcon_core.shell:Creating prefix script '/home/amira/test_urdf_gazebo/src/my_controller/install/local_setup.ps1'
[9.243s] INFO:colcon.colcon_core.shell:Creating prefix util module '/home/amira/test_urdf_gazebo/src/my_controller/install/_local_setup_util_ps1.py'
[9.253s] INFO:colcon.colcon_core.shell:Creating prefix chain script '/home/amira/test_urdf_gazebo/src/my_controller/install/setup.ps1'
[9.256s] INFO:colcon.colcon_core.shell:Creating prefix script '/home/amira/test_urdf_gazebo/src/my_controller/install/local_setup.sh'
[9.257s] INFO:colcon.colcon_core.shell:Creating prefix util module '/home/amira/test_urdf_gazebo/src/my_controller/install/_local_setup_util_sh.py'
[9.258s] INFO:colcon.colcon_core.shell:Creating prefix chain script '/home/amira/test_urdf_gazebo/src/my_controller/install/setup.sh'
[9.260s] INFO:colcon.colcon_core.shell:Creating prefix script '/home/amira/test_urdf_gazebo/src/my_controller/install/local_setup.bash'
[9.273s] INFO:colcon.colcon_core.shell:Creating prefix chain script '/home/amira/test_urdf_gazebo/src/my_controller/install/setup.bash'
[9.276s] INFO:colcon.colcon_core.shell:Creating prefix script '/home/amira/test_urdf_gazebo/src/my_controller/install/local_setup.zsh'
[9.279s] INFO:colcon.colcon_core.shell:Creating prefix chain script '/home/amira/test_urdf_gazebo/src/my_controller/install/setup.zsh'
