[2.559s] DEBUG:colcon:Command line arguments: ['/usr/bin/colcon', 'build']
[2.559s] DEBUG:colcon:Parsed command line arguments: Namespace(log_base=None, log_level=None, verb_name='build', build_base='build', install_base='install', merge_install=False, symlink_install=False, test_result_base=None, continue_on_error=False, executor='parallel', parallel_workers=4, event_handlers=None, ignore_user_meta=False, metas=['./colcon.meta'], base_paths=['.'], packages_ignore=None, packages_ignore_regex=None, paths=None, packages_up_to=None, packages_up_to_regex=None, packages_above=None, packages_above_and_dependencies=None, packages_above_depth=None, packages_select_by_dep=None, packages_skip_by_dep=None, packages_skip_up_to=None, packages_select_build_failed=False, packages_skip_build_finished=False, packages_select_test_failures=False, packages_skip_test_passed=False, packages_select=None, packages_skip=None, packages_select_regex=None, packages_skip_regex=None, packages_start=None, packages_end=None, allow_overriding=[], cmake_args=None, cmake_target=None, cmake_target_skip_unavailable=False, cmake_clean_cache=False, cmake_clean_first=False, cmake_force_configure=False, ament_cmake_args=None, catkin_cmake_args=None, catkin_skip_building_tests=False, mixin_files=None, mixin=None, verb_parser=<colcon_mixin.mixin.mixin_argument.MixinArgumentDecorator object at 0x7a7c96f986e0>, verb_extension=<colcon_core.verb.build.BuildVerb object at 0x7a7c970c8e90>, main=<bound method BuildVerb.main of <colcon_core.verb.build.BuildVerb object at 0x7a7c970c8e90>>, mixin_verb=('build',))
[4.562s] Level 1:colcon.colcon_core.package_discovery:discover_packages(colcon_meta) check parameters
[4.562s] Level 1:colcon.colcon_core.package_discovery:discover_packages(recursive) check parameters
[4.563s] Level 1:colcon.colcon_core.package_discovery:discover_packages(ignore) check parameters
[4.563s] Level 1:colcon.colcon_core.package_discovery:discover_packages(path) check parameters
[4.563s] Level 1:colcon.colcon_core.package_discovery:discover_packages(colcon_meta) discover
[4.563s] Level 1:colcon.colcon_core.package_discovery:discover_packages(recursive) discover
[4.564s] INFO:colcon.colcon_core.package_discovery:Crawling recursively for packages in '/home/amira/test_urdf_gazebo/src/my_controller'
[4.564s] Level 1:colcon.colcon_core.package_identification:_identify(.) by extensions ['ignore', 'ignore_ament_install']
[4.564s] Level 1:colcon.colcon_core.package_identification:_identify(.) by extension 'ignore'
[4.565s] Level 1:colcon.colcon_core.package_identification:_identify(.) by extension 'ignore_ament_install'
[4.565s] Level 1:colcon.colcon_core.package_identification:_identify(.) by extensions ['colcon_pkg']
[4.565s] Level 1:colcon.colcon_core.package_identification:_identify(.) by extension 'colcon_pkg'
[4.565s] Level 1:colcon.colcon_core.package_identification:_identify(.) by extensions ['colcon_meta']
[4.566s] Level 1:colcon.colcon_core.package_identification:_identify(.) by extension 'colcon_meta'
[4.566s] Level 1:colcon.colcon_core.package_identification:_identify(.) by extensions ['ros']
[4.566s] Level 1:colcon.colcon_core.package_identification:_identify(.) by extension 'ros'
[5.129s] DEBUG:colcon.colcon_core.package_identification:Package '.' with type 'ros.ament_python' and name 'my_controller'
[5.130s] Level 1:colcon.colcon_core.package_discovery:discover_packages(recursive) using defaults
[5.130s] Level 1:colcon.colcon_core.package_discovery:discover_packages(ignore) discover
[5.130s] Level 1:colcon.colcon_core.package_discovery:discover_packages(ignore) using defaults
[5.130s] Level 1:colcon.colcon_core.package_discovery:discover_packages(path) discover
[5.130s] Level 1:colcon.colcon_core.package_discovery:discover_packages(path) using defaults
[5.474s] Level 1:colcon.colcon_core.package_discovery:discover_packages(prefix_path) check parameters
[5.475s] Level 1:colcon.colcon_core.package_discovery:discover_packages(prefix_path) discover
[5.574s] DEBUG:colcon.colcon_installed_package_information.package_discovery:Found 2 installed packages in /home/amira/ros2_ws/install
[5.582s] DEBUG:colcon.colcon_installed_package_information.package_discovery:Found 373 installed packages in /opt/ros/jazzy
[5.587s] Level 1:colcon.colcon_core.package_discovery:discover_packages(prefix_path) using defaults
[5.724s] Level 5:colcon.colcon_core.verb:set package 'my_controller' build argument 'cmake_args' from command line to 'None'
[5.724s] Level 5:colcon.colcon_core.verb:set package 'my_controller' build argument 'cmake_target' from command line to 'None'
[5.724s] Level 5:colcon.colcon_core.verb:set package 'my_controller' build argument 'cmake_target_skip_unavailable' from command line to 'False'
[5.724s] Level 5:colcon.colcon_core.verb:set package 'my_controller' build argument 'cmake_clean_cache' from command line to 'False'
[5.724s] Level 5:colcon.colcon_core.verb:set package 'my_controller' build argument 'cmake_clean_first' from command line to 'False'
[5.724s] Level 5:colcon.colcon_core.verb:set package 'my_controller' build argument 'cmake_force_configure' from command line to 'False'
[5.724s] Level 5:colcon.colcon_core.verb:set package 'my_controller' build argument 'ament_cmake_args' from command line to 'None'
[5.724s] Level 5:colcon.colcon_core.verb:set package 'my_controller' build argument 'catkin_cmake_args' from command line to 'None'
[5.724s] Level 5:colcon.colcon_core.verb:set package 'my_controller' build argument 'catkin_skip_building_tests' from command line to 'False'
[5.724s] DEBUG:colcon.colcon_core.verb:Building package 'my_controller' with the following arguments: {'ament_cmake_args': None, 'build_base': '/home/amira/test_urdf_gazebo/src/my_controller/build/my_controller', 'catkin_cmake_args': None, 'catkin_skip_building_tests': False, 'cmake_args': None, 'cmake_clean_cache': False, 'cmake_clean_first': False, 'cmake_force_configure': False, 'cmake_target': None, 'cmake_target_skip_unavailable': False, 'install_base': '/home/amira/test_urdf_gazebo/src/my_controller/install/my_controller', 'merge_install': False, 'path': '/home/amira/test_urdf_gazebo/src/my_controller', 'symlink_install': False, 'test_result_base': None}
[5.724s] INFO:colcon.colcon_core.executor:Executing jobs using 'parallel' executor
[5.725s] DEBUG:colcon.colcon_parallel_executor.executor.parallel:run_until_complete
[5.726s] INFO:colcon.colcon_ros.task.ament_python.build:Building ROS package in '/home/amira/test_urdf_gazebo/src/my_controller' with build type 'ament_python'
[5.726s] Level 1:colcon.colcon_core.shell:create_environment_hook('my_controller', 'ament_prefix_path')
[5.834s] INFO:colcon.colcon_core.plugin_system:Skipping extension 'colcon_core.shell.bat': Not used on non-Windows systems
[5.834s] INFO:colcon.colcon_core.shell:Creating environment hook '/home/amira/test_urdf_gazebo/src/my_controller/install/my_controller/share/my_controller/hook/ament_prefix_path.ps1'
[5.852s] INFO:colcon.colcon_core.shell:Creating environment descriptor '/home/amira/test_urdf_gazebo/src/my_controller/install/my_controller/share/my_controller/hook/ament_prefix_path.dsv'
[5.882s] INFO:colcon.colcon_core.shell:Creating environment hook '/home/amira/test_urdf_gazebo/src/my_controller/install/my_controller/share/my_controller/hook/ament_prefix_path.sh'
[5.884s] INFO:colcon.colcon_core.shell:Skip shell extension 'powershell' for command environment: Not usable outside of PowerShell
[5.884s] DEBUG:colcon.colcon_core.shell:Skip shell extension 'dsv' for command environment
[6.414s] INFO:colcon.colcon_core.task.python.build:Building Python package in '/home/amira/test_urdf_gazebo/src/my_controller'
[6.415s] INFO:colcon.colcon_core.shell:Skip shell extension 'powershell' for command environment: Not usable outside of PowerShell
[6.415s] DEBUG:colcon.colcon_core.shell:Skip shell extension 'dsv' for command environment
[22.055s] DEBUG:colcon.colcon_core.event_handler.log_command:Invoking command in '/home/amira/test_urdf_gazebo/src/my_controller': DEBUGINFOD_URLS=https://debuginfod.ubuntu.com PYTHONPATH=/home/amira/test_urdf_gazebo/src/my_controller/build/my_controller/prefix_override:/usr/lib/python3/dist-packages/colcon_core/task/python/colcon_distutils_commands:/home/amira/test_urdf_gazebo/src/my_controller/install/my_controller/lib/python3.12/site-packages:${PYTHONPATH} /usr/bin/python3 -W ignore:setup.py install is deprecated -W ignore:easy_install command is deprecated setup.py egg_info --egg-base build/my_controller build --build-base /home/amira/test_urdf_gazebo/src/my_controller/build/my_controller/build install --record /home/amira/test_urdf_gazebo/src/my_controller/build/my_controller/install.log --single-version-externally-managed install_data
[23.118s] DEBUG:colcon.colcon_core.event_handler.log_command:Invoked command in '/home/amira/test_urdf_gazebo/src/my_controller' returned '0': DEBUGINFOD_URLS=https://debuginfod.ubuntu.com PYTHONPATH=/home/amira/test_urdf_gazebo/src/my_controller/build/my_controller/prefix_override:/usr/lib/python3/dist-packages/colcon_core/task/python/colcon_distutils_commands:/home/amira/test_urdf_gazebo/src/my_controller/install/my_controller/lib/python3.12/site-packages:${PYTHONPATH} /usr/bin/python3 -W ignore:setup.py install is deprecated -W ignore:easy_install command is deprecated setup.py egg_info --egg-base build/my_controller build --build-base /home/amira/test_urdf_gazebo/src/my_controller/build/my_controller/build install --record /home/amira/test_urdf_gazebo/src/my_controller/build/my_controller/install.log --single-version-externally-managed install_data
[23.360s] Level 1:colcon.colcon_core.environment:checking '/home/amira/test_urdf_gazebo/src/my_controller/install/my_controller' for CMake module files
[23.380s] Level 1:colcon.colcon_core.environment:checking '/home/amira/test_urdf_gazebo/src/my_controller/install/my_controller' for CMake config files
[23.415s] Level 1:colcon.colcon_core.environment:checking '/home/amira/test_urdf_gazebo/src/my_controller/install/my_controller/lib'
[23.416s] Level 1:colcon.colcon_core.environment:checking '/home/amira/test_urdf_gazebo/src/my_controller/install/my_controller/bin'
[23.416s] Level 1:colcon.colcon_core.environment:checking '/home/amira/test_urdf_gazebo/src/my_controller/install/my_controller/lib/pkgconfig/my_controller.pc'
[23.416s] Level 1:colcon.colcon_core.environment:checking '/home/amira/test_urdf_gazebo/src/my_controller/install/my_controller/lib/python3.12/site-packages'
[23.417s] Level 1:colcon.colcon_core.shell:create_environment_hook('my_controller', 'pythonpath')
[23.417s] INFO:colcon.colcon_core.shell:Creating environment hook '/home/amira/test_urdf_gazebo/src/my_controller/install/my_controller/share/my_controller/hook/pythonpath.ps1'
[23.418s] INFO:colcon.colcon_core.shell:Creating environment descriptor '/home/amira/test_urdf_gazebo/src/my_controller/install/my_controller/share/my_controller/hook/pythonpath.dsv'
[23.418s] INFO:colcon.colcon_core.shell:Creating environment hook '/home/amira/test_urdf_gazebo/src/my_controller/install/my_controller/share/my_controller/hook/pythonpath.sh'
[23.420s] Level 1:colcon.colcon_core.environment:checking '/home/amira/test_urdf_gazebo/src/my_controller/install/my_controller/bin'
[23.420s] Level 1:colcon.colcon_core.environment:create_environment_scripts_only(my_controller)
[23.420s] INFO:colcon.colcon_core.shell:Creating package script '/home/amira/test_urdf_gazebo/src/my_controller/install/my_controller/share/my_controller/package.ps1'
[23.432s] INFO:colcon.colcon_core.shell:Creating package descriptor '/home/amira/test_urdf_gazebo/src/my_controller/install/my_controller/share/my_controller/package.dsv'
[23.451s] INFO:colcon.colcon_core.shell:Creating package script '/home/amira/test_urdf_gazebo/src/my_controller/install/my_controller/share/my_controller/package.sh'
[23.452s] INFO:colcon.colcon_core.shell:Creating package script '/home/amira/test_urdf_gazebo/src/my_controller/install/my_controller/share/my_controller/package.bash'
[23.475s] INFO:colcon.colcon_core.shell:Creating package script '/home/amira/test_urdf_gazebo/src/my_controller/install/my_controller/share/my_controller/package.zsh'
[23.489s] Level 1:colcon.colcon_core.environment:create_file_with_runtime_dependencies(/home/amira/test_urdf_gazebo/src/my_controller/install/my_controller/share/colcon-core/packages/my_controller)
[23.489s] DEBUG:colcon.colcon_parallel_executor.executor.parallel:closing loop
[23.490s] DEBUG:colcon.colcon_parallel_executor.executor.parallel:loop closed
[23.490s] DEBUG:colcon.colcon_parallel_executor.executor.parallel:run_until_complete finished with '0'
[23.490s] DEBUG:colcon.colcon_core.event_reactor:joining thread
[23.777s] INFO:colcon.colcon_core.plugin_system:Skipping extension 'colcon_notification.desktop_notification.terminal_notifier': Not used on non-Darwin systems
[23.778s] INFO:colcon.colcon_core.plugin_system:Skipping extension 'colcon_notification.desktop_notification.win32': Not used on non-Windows systems
[23.778s] INFO:colcon.colcon_notification.desktop_notification:Sending desktop notification using 'notify2'
[23.805s] DEBUG:colcon.colcon_core.event_reactor:joined thread
[23.805s] INFO:colcon.colcon_core.shell:Creating prefix script '/home/amira/test_urdf_gazebo/src/my_controller/install/local_setup.ps1'
[23.830s] INFO:colcon.colcon_core.shell:Creating prefix util module '/home/amira/test_urdf_gazebo/src/my_controller/install/_local_setup_util_ps1.py'
[23.851s] INFO:colcon.colcon_core.shell:Creating prefix chain script '/home/amira/test_urdf_gazebo/src/my_controller/install/setup.ps1'
[23.853s] INFO:colcon.colcon_core.shell:Creating prefix script '/home/amira/test_urdf_gazebo/src/my_controller/install/local_setup.sh'
[23.872s] INFO:colcon.colcon_core.shell:Creating prefix util module '/home/amira/test_urdf_gazebo/src/my_controller/install/_local_setup_util_sh.py'
[23.874s] INFO:colcon.colcon_core.shell:Creating prefix chain script '/home/amira/test_urdf_gazebo/src/my_controller/install/setup.sh'
[23.879s] INFO:colcon.colcon_core.shell:Creating prefix script '/home/amira/test_urdf_gazebo/src/my_controller/install/local_setup.bash'
[23.895s] INFO:colcon.colcon_core.shell:Creating prefix chain script '/home/amira/test_urdf_gazebo/src/my_controller/install/setup.bash'
[23.897s] INFO:colcon.colcon_core.shell:Creating prefix script '/home/amira/test_urdf_gazebo/src/my_controller/install/local_setup.zsh'
[23.922s] INFO:colcon.colcon_core.shell:Creating prefix chain script '/home/amira/test_urdf_gazebo/src/my_controller/install/setup.zsh'
