running egg_info
creating build/my_controller/my_controller.egg-info
writing build/my_controller/my_controller.egg-info/PKG-INFO
writing dependency_links to build/my_controller/my_controller.egg-info/dependency_links.txt
writing requirements to build/my_controller/my_controller.egg-info/requires.txt
writing top-level names to build/my_controller/my_controller.egg-info/top_level.txt
writing manifest file 'build/my_controller/my_controller.egg-info/SOURCES.txt'
reading manifest file 'build/my_controller/my_controller.egg-info/SOURCES.txt'
writing manifest file 'build/my_controller/my_controller.egg-info/SOURCES.txt'
running build
running build_py
creating /home/amira/test_urdf_gazebo/src/my_controller/build/my_controller/build
creating /home/amira/test_urdf_gazebo/src/my_controller/build/my_controller/build/lib
creating /home/amira/test_urdf_gazebo/src/my_controller/build/my_controller/build/lib/my_controller
copying my_controller/__init__.py -> /home/amira/test_urdf_gazebo/src/my_controller/build/my_controller/build/lib/my_controller
running install
running install_lib
creating /home/amira/test_urdf_gazebo/src/my_controller/install/my_controller/lib/python3.12/site-packages/my_controller
copying /home/amira/test_urdf_gazebo/src/my_controller/build/my_controller/build/lib/my_controller/__init__.py -> /home/amira/test_urdf_gazebo/src/my_controller/install/my_controller/lib/python3.12/site-packages/my_controller
byte-compiling /home/amira/test_urdf_gazebo/src/my_controller/install/my_controller/lib/python3.12/site-packages/my_controller/__init__.py to __init__.cpython-312.pyc
running install_data
creating /home/amira/test_urdf_gazebo/src/my_controller/install/my_controller/share/ament_index
creating /home/amira/test_urdf_gazebo/src/my_controller/install/my_controller/share/ament_index/resource_index
creating /home/amira/test_urdf_gazebo/src/my_controller/install/my_controller/share/ament_index/resource_index/packages
copying resource/my_controller -> /home/amira/test_urdf_gazebo/src/my_controller/install/my_controller/share/ament_index/resource_index/packages
copying package.xml -> /home/amira/test_urdf_gazebo/src/my_controller/install/my_controller/share/my_controller
running install_egg_info
Copying build/my_controller/my_controller.egg-info to /home/amira/test_urdf_gazebo/src/my_controller/install/my_controller/lib/python3.12/site-packages/my_controller-0.0.0-py3.12.egg-info
running install_scripts
writing list of installed files to '/home/amira/test_urdf_gazebo/src/my_controller/build/my_controller/install.log'
