[0.581s] DEBUG:colcon:Command line arguments: ['/usr/bin/colcon', 'build']
[0.581s] DEBUG:colcon:Parsed command line arguments: Namespace(log_base=None, log_level=None, verb_name='build', build_base='build', install_base='install', merge_install=False, symlink_install=False, test_result_base=None, continue_on_error=False, executor='parallel', parallel_workers=4, event_handlers=None, ignore_user_meta=False, metas=['./colcon.meta'], base_paths=['.'], packages_ignore=None, packages_ignore_regex=None, paths=None, packages_up_to=None, packages_up_to_regex=None, packages_above=None, packages_above_and_dependencies=None, packages_above_depth=None, packages_select_by_dep=None, packages_skip_by_dep=None, packages_skip_up_to=None, packages_select_build_failed=False, packages_skip_build_finished=False, packages_select_test_failures=False, packages_skip_test_passed=False, packages_select=None, packages_skip=None, packages_select_regex=None, packages_skip_regex=None, packages_start=None, packages_end=None, allow_overriding=[], cmake_args=None, cmake_target=None, cmake_target_skip_unavailable=False, cmake_clean_cache=False, cmake_clean_first=False, cmake_force_configure=False, ament_cmake_args=None, catkin_cmake_args=None, catkin_skip_building_tests=False, mixin_files=None, mixin=None, verb_parser=<colcon_mixin.mixin.mixin_argument.MixinArgumentDecorator object at 0x78584b3a08f0>, verb_extension=<colcon_core.verb.build.BuildVerb object at 0x78584b4d05f0>, main=<bound method BuildVerb.main of <colcon_core.verb.build.BuildVerb object at 0x78584b4d05f0>>, mixin_verb=('build',))
[0.775s] Level 1:colcon.colcon_core.package_discovery:discover_packages(colcon_meta) check parameters
[0.776s] Level 1:colcon.colcon_core.package_discovery:discover_packages(recursive) check parameters
[0.776s] Level 1:colcon.colcon_core.package_discovery:discover_packages(ignore) check parameters
[0.776s] Level 1:colcon.colcon_core.package_discovery:discover_packages(path) check parameters
[0.776s] Level 1:colcon.colcon_core.package_discovery:discover_packages(colcon_meta) discover
[0.776s] Level 1:colcon.colcon_core.package_discovery:discover_packages(recursive) discover
[0.776s] INFO:colcon.colcon_core.package_discovery:Crawling recursively for packages in '/home/amira/test_urdf_gazebo/src/my_controller'
[0.776s] Level 1:colcon.colcon_core.package_identification:_identify(.) by extensions ['ignore', 'ignore_ament_install']
[0.776s] Level 1:colcon.colcon_core.package_identification:_identify(.) by extension 'ignore'
[0.776s] Level 1:colcon.colcon_core.package_identification:_identify(.) by extension 'ignore_ament_install'
[0.777s] Level 1:colcon.colcon_core.package_identification:_identify(.) by extensions ['colcon_pkg']
[0.777s] Level 1:colcon.colcon_core.package_identification:_identify(.) by extension 'colcon_pkg'
[0.777s] Level 1:colcon.colcon_core.package_identification:_identify(.) by extensions ['colcon_meta']
[0.777s] Level 1:colcon.colcon_core.package_identification:_identify(.) by extension 'colcon_meta'
[0.777s] Level 1:colcon.colcon_core.package_identification:_identify(.) by extensions ['ros']
[0.777s] Level 1:colcon.colcon_core.package_identification:_identify(.) by extension 'ros'
[0.927s] DEBUG:colcon.colcon_core.package_identification:Package '.' with type 'ros.ament_python' and name 'my_controller'
[0.927s] Level 1:colcon.colcon_core.package_discovery:discover_packages(recursive) using defaults
[0.927s] Level 1:colcon.colcon_core.package_discovery:discover_packages(ignore) discover
[0.927s] Level 1:colcon.colcon_core.package_discovery:discover_packages(ignore) using defaults
[0.927s] Level 1:colcon.colcon_core.package_discovery:discover_packages(path) discover
[0.928s] Level 1:colcon.colcon_core.package_discovery:discover_packages(path) using defaults
[1.102s] Level 1:colcon.colcon_core.package_discovery:discover_packages(prefix_path) check parameters
[1.102s] Level 1:colcon.colcon_core.package_discovery:discover_packages(prefix_path) discover
[1.251s] DEBUG:colcon.colcon_installed_package_information.package_discovery:Found 1 installed packages in /home/amira/test_urdf_gazebo/src/my_controller/install
[1.252s] DEBUG:colcon.colcon_installed_package_information.package_discovery:Found 2 installed packages in /home/amira/ros2_ws/install
[1.255s] DEBUG:colcon.colcon_installed_package_information.package_discovery:Found 373 installed packages in /opt/ros/jazzy
[1.258s] Level 1:colcon.colcon_core.package_discovery:discover_packages(prefix_path) using defaults
[1.389s] Level 5:colcon.colcon_core.verb:set package 'my_controller' build argument 'cmake_args' from command line to 'None'
[1.389s] Level 5:colcon.colcon_core.verb:set package 'my_controller' build argument 'cmake_target' from command line to 'None'
[1.389s] Level 5:colcon.colcon_core.verb:set package 'my_controller' build argument 'cmake_target_skip_unavailable' from command line to 'False'
[1.389s] Level 5:colcon.colcon_core.verb:set package 'my_controller' build argument 'cmake_clean_cache' from command line to 'False'
[1.389s] Level 5:colcon.colcon_core.verb:set package 'my_controller' build argument 'cmake_clean_first' from command line to 'False'
[1.389s] Level 5:colcon.colcon_core.verb:set package 'my_controller' build argument 'cmake_force_configure' from command line to 'False'
[1.389s] Level 5:colcon.colcon_core.verb:set package 'my_controller' build argument 'ament_cmake_args' from command line to 'None'
[1.390s] Level 5:colcon.colcon_core.verb:set package 'my_controller' build argument 'catkin_cmake_args' from command line to 'None'
[1.390s] Level 5:colcon.colcon_core.verb:set package 'my_controller' build argument 'catkin_skip_building_tests' from command line to 'False'
[1.390s] DEBUG:colcon.colcon_core.verb:Building package 'my_controller' with the following arguments: {'ament_cmake_args': None, 'build_base': '/home/amira/test_urdf_gazebo/src/my_controller/build/my_controller', 'catkin_cmake_args': None, 'catkin_skip_building_tests': False, 'cmake_args': None, 'cmake_clean_cache': False, 'cmake_clean_first': False, 'cmake_force_configure': False, 'cmake_target': None, 'cmake_target_skip_unavailable': False, 'install_base': '/home/amira/test_urdf_gazebo/src/my_controller/install/my_controller', 'merge_install': False, 'path': '/home/amira/test_urdf_gazebo/src/my_controller', 'symlink_install': False, 'test_result_base': None}
[1.390s] INFO:colcon.colcon_core.executor:Executing jobs using 'parallel' executor
[1.392s] DEBUG:colcon.colcon_parallel_executor.executor.parallel:run_until_complete
[1.392s] INFO:colcon.colcon_ros.task.ament_python.build:Building ROS package in '/home/amira/test_urdf_gazebo/src/my_controller' with build type 'ament_python'
[1.392s] Level 1:colcon.colcon_core.shell:create_environment_hook('my_controller', 'ament_prefix_path')
[1.418s] INFO:colcon.colcon_core.plugin_system:Skipping extension 'colcon_core.shell.bat': Not used on non-Windows systems
[1.418s] INFO:colcon.colcon_core.shell:Creating environment hook '/home/amira/test_urdf_gazebo/src/my_controller/install/my_controller/share/my_controller/hook/ament_prefix_path.ps1'
[1.425s] INFO:colcon.colcon_core.shell:Creating environment descriptor '/home/amira/test_urdf_gazebo/src/my_controller/install/my_controller/share/my_controller/hook/ament_prefix_path.dsv'
[1.432s] INFO:colcon.colcon_core.shell:Creating environment hook '/home/amira/test_urdf_gazebo/src/my_controller/install/my_controller/share/my_controller/hook/ament_prefix_path.sh'
[1.433s] INFO:colcon.colcon_core.shell:Skip shell extension 'powershell' for command environment: Not usable outside of PowerShell
[1.433s] DEBUG:colcon.colcon_core.shell:Skip shell extension 'dsv' for command environment
[1.858s] INFO:colcon.colcon_core.task.python.build:Building Python package in '/home/amira/test_urdf_gazebo/src/my_controller'
[1.859s] INFO:colcon.colcon_core.shell:Skip shell extension 'powershell' for command environment: Not usable outside of PowerShell
[1.859s] DEBUG:colcon.colcon_core.shell:Skip shell extension 'dsv' for command environment
[6.828s] DEBUG:colcon.colcon_core.event_handler.log_command:Invoking command in '/home/amira/test_urdf_gazebo/src/my_controller': DEBUGINFOD_URLS=https://debuginfod.ubuntu.com PYTHONPATH=/home/amira/test_urdf_gazebo/src/my_controller/build/my_controller/prefix_override:/usr/lib/python3/dist-packages/colcon_core/task/python/colcon_distutils_commands:/home/amira/test_urdf_gazebo/src/my_controller/install/my_controller/lib/python3.12/site-packages:${PYTHONPATH} /usr/bin/python3 -W ignore:setup.py install is deprecated -W ignore:easy_install command is deprecated setup.py egg_info --egg-base build/my_controller build --build-base /home/amira/test_urdf_gazebo/src/my_controller/build/my_controller/build install --record /home/amira/test_urdf_gazebo/src/my_controller/build/my_controller/install.log --single-version-externally-managed install_data
[7.883s] DEBUG:colcon.colcon_core.event_handler.log_command:Invoked command in '/home/amira/test_urdf_gazebo/src/my_controller' returned '0': DEBUGINFOD_URLS=https://debuginfod.ubuntu.com PYTHONPATH=/home/amira/test_urdf_gazebo/src/my_controller/build/my_controller/prefix_override:/usr/lib/python3/dist-packages/colcon_core/task/python/colcon_distutils_commands:/home/amira/test_urdf_gazebo/src/my_controller/install/my_controller/lib/python3.12/site-packages:${PYTHONPATH} /usr/bin/python3 -W ignore:setup.py install is deprecated -W ignore:easy_install command is deprecated setup.py egg_info --egg-base build/my_controller build --build-base /home/amira/test_urdf_gazebo/src/my_controller/build/my_controller/build install --record /home/amira/test_urdf_gazebo/src/my_controller/build/my_controller/install.log --single-version-externally-managed install_data
[7.923s] Level 1:colcon.colcon_core.environment:checking '/home/amira/test_urdf_gazebo/src/my_controller/install/my_controller' for CMake module files
[7.937s] Level 1:colcon.colcon_core.environment:checking '/home/amira/test_urdf_gazebo/src/my_controller/install/my_controller' for CMake config files
[7.962s] Level 1:colcon.colcon_core.environment:checking '/home/amira/test_urdf_gazebo/src/my_controller/install/my_controller/lib'
[7.963s] Level 1:colcon.colcon_core.environment:checking '/home/amira/test_urdf_gazebo/src/my_controller/install/my_controller/bin'
[7.963s] Level 1:colcon.colcon_core.environment:checking '/home/amira/test_urdf_gazebo/src/my_controller/install/my_controller/lib/pkgconfig/my_controller.pc'
[7.964s] Level 1:colcon.colcon_core.environment:checking '/home/amira/test_urdf_gazebo/src/my_controller/install/my_controller/lib/python3.12/site-packages'
[7.964s] Level 1:colcon.colcon_core.shell:create_environment_hook('my_controller', 'pythonpath')
[7.965s] INFO:colcon.colcon_core.shell:Creating environment hook '/home/amira/test_urdf_gazebo/src/my_controller/install/my_controller/share/my_controller/hook/pythonpath.ps1'
[7.966s] INFO:colcon.colcon_core.shell:Creating environment descriptor '/home/amira/test_urdf_gazebo/src/my_controller/install/my_controller/share/my_controller/hook/pythonpath.dsv'
[7.967s] INFO:colcon.colcon_core.shell:Creating environment hook '/home/amira/test_urdf_gazebo/src/my_controller/install/my_controller/share/my_controller/hook/pythonpath.sh'
[7.969s] Level 1:colcon.colcon_core.environment:checking '/home/amira/test_urdf_gazebo/src/my_controller/install/my_controller/bin'
[7.969s] Level 1:colcon.colcon_core.environment:create_environment_scripts_only(my_controller)
[7.969s] INFO:colcon.colcon_core.shell:Creating package script '/home/amira/test_urdf_gazebo/src/my_controller/install/my_controller/share/my_controller/package.ps1'
[7.978s] INFO:colcon.colcon_core.shell:Creating package descriptor '/home/amira/test_urdf_gazebo/src/my_controller/install/my_controller/share/my_controller/package.dsv'
[7.989s] INFO:colcon.colcon_core.shell:Creating package script '/home/amira/test_urdf_gazebo/src/my_controller/install/my_controller/share/my_controller/package.sh'
[7.994s] INFO:colcon.colcon_core.shell:Creating package script '/home/amira/test_urdf_gazebo/src/my_controller/install/my_controller/share/my_controller/package.bash'
[8.001s] INFO:colcon.colcon_core.shell:Creating package script '/home/amira/test_urdf_gazebo/src/my_controller/install/my_controller/share/my_controller/package.zsh'
[8.005s] Level 1:colcon.colcon_core.environment:create_file_with_runtime_dependencies(/home/amira/test_urdf_gazebo/src/my_controller/install/my_controller/share/colcon-core/packages/my_controller)
[8.006s] DEBUG:colcon.colcon_parallel_executor.executor.parallel:closing loop
[8.006s] DEBUG:colcon.colcon_parallel_executor.executor.parallel:loop closed
[8.006s] DEBUG:colcon.colcon_parallel_executor.executor.parallel:run_until_complete finished with '0'
[8.006s] DEBUG:colcon.colcon_core.event_reactor:joining thread
[8.093s] INFO:colcon.colcon_core.plugin_system:Skipping extension 'colcon_notification.desktop_notification.terminal_notifier': Not used on non-Darwin systems
[8.093s] INFO:colcon.colcon_core.plugin_system:Skipping extension 'colcon_notification.desktop_notification.win32': Not used on non-Windows systems
[8.093s] INFO:colcon.colcon_notification.desktop_notification:Sending desktop notification using 'notify2'
[8.129s] DEBUG:colcon.colcon_core.event_reactor:joined thread
[8.130s] INFO:colcon.colcon_core.shell:Creating prefix script '/home/amira/test_urdf_gazebo/src/my_controller/install/local_setup.ps1'
[8.132s] INFO:colcon.colcon_core.shell:Creating prefix util module '/home/amira/test_urdf_gazebo/src/my_controller/install/_local_setup_util_ps1.py'
[8.134s] INFO:colcon.colcon_core.shell:Creating prefix chain script '/home/amira/test_urdf_gazebo/src/my_controller/install/setup.ps1'
[8.137s] INFO:colcon.colcon_core.shell:Creating prefix script '/home/amira/test_urdf_gazebo/src/my_controller/install/local_setup.sh'
[8.165s] INFO:colcon.colcon_core.shell:Creating prefix util module '/home/amira/test_urdf_gazebo/src/my_controller/install/_local_setup_util_sh.py'
[8.165s] INFO:colcon.colcon_core.shell:Creating prefix chain script '/home/amira/test_urdf_gazebo/src/my_controller/install/setup.sh'
[8.167s] INFO:colcon.colcon_core.shell:Creating prefix script '/home/amira/test_urdf_gazebo/src/my_controller/install/local_setup.bash'
[8.197s] INFO:colcon.colcon_core.shell:Creating prefix chain script '/home/amira/test_urdf_gazebo/src/my_controller/install/setup.bash'
[8.199s] INFO:colcon.colcon_core.shell:Creating prefix script '/home/amira/test_urdf_gazebo/src/my_controller/install/local_setup.zsh'
[8.224s] INFO:colcon.colcon_core.shell:Creating prefix chain script '/home/amira/test_urdf_gazebo/src/my_controller/install/setup.zsh'
